<?xml version="1.0" encoding="UTF-8"?>
<testng-results ignored="0" total="1" passed="1" failed="0" skipped="0">
  <reporter-output>
  </reporter-output>
  <suite started-at="2021-12-24T05:30:16Z" name="Surefire suite" finished-at="2021-12-24T05:30:16Z" duration-ms="49">
    <groups>
    </groups>
    <test started-at="2021-12-24T05:30:16Z" name="Surefire test" finished-at="2021-12-24T05:30:16Z" duration-ms="49">
      <class name="com.example.purecloud.AppTest">
        <test-method signature="shouldAnswerWithTrue()" started-at="2021-12-24T05:30:16Z" name="shouldAnswerWithTrue" finished-at="2021-12-24T05:30:16Z" duration-ms="0" status="PASS">
          <reporter-output>
          </reporter-output>
        </test-method> <!-- shouldAnswerWithTrue -->
      </class> <!-- com.example.purecloud.AppTest -->
    </test> <!-- Surefire test -->
  </suite> <!-- Surefire suite -->
</testng-results>
